<?xml version="1.0" encoding="UTF-8"?>
<!-- Generated by org.testng.reporters.JUnitXMLReporter -->
<testsuite hostname="RSI1594" ignored="0" name="Automacao utilizando TDD" tests="6" failures="1" timestamp="22 Jan 2020 17:56:03 GMT" time="76.66" errors="0">
  <testcase name="deveCadastrarUsuarioNovoTest" time="3.05" classname="br.com.rsinet.hub_tdd.test.CadastraUsuarioTest">
    <failure type="java.lang.AssertionError" message="expected [] but found [john1126]">
      <![CDATA[java.lang.AssertionError: expected [] but found [john1126]
at br.com.rsinet.hub_tdd.test.CadastraUsuarioTest.deveCadastrarUsuarioNovoTest(CadastraUsuarioTest.java:83)
... Removed 31 stack frames]]>
    </failure>
  </testcase> <!-- deveCadastrarUsuarioNovoTest -->
  <testcase name="deveValidarCamposObrigatorioDoCadastroTest" time="1.694" classname="br.com.rsinet.hub_tdd.test.CadastraUsuarioTest"/>
  <testcase name="procuraProdutoExistentePelaLupaDePesquisa" time="1.052" classname="br.com.rsinet.hub_tdd.test.FiltraProdutoTest"/>
  <testcase name="procuraProdutoInexistentePelaLupaDePesquisa" time="1.262" classname="br.com.rsinet.hub_tdd.test.FiltraProdutoTest"/>
  <testcase name="deveProcurarProdutoPorHomePage" time="0.868" classname="br.com.rsinet.hub_tdd.test.PesquisaProdutoTest"/>
  <testcase name="naoDeveAddMaisDezProdutoNoCarrinhoDeCompras" time="1.036" classname="br.com.rsinet.hub_tdd.test.PesquisaProdutoTest"/>
</testsuite> <!-- Automacao utilizando TDD -->
