<?xml version="1.0" encoding="UTF-8"?>
<testng-results ignored="0" total="2" passed="1" failed="1" skipped="0">
  <reporter-output>
  </reporter-output>
  <suite started-at="2020-01-20T01:50:09Z" name="Default suite" finished-at="2020-01-20T01:50:52Z" duration-ms="42870">
    <groups>
    </groups>
    <test started-at="2020-01-20T01:50:09Z" name="Default test" finished-at="2020-01-20T01:50:52Z" duration-ms="42870">
      <class name="br.com.rsinet.hub_tdd.test.CadastraUsuarioTest">
        <test-method is-config="true" signature="setConfigReport()[pri:0, instance:br.com.rsinet.hub_tdd.test.CadastraUsuarioTest@6ab778a]" started-at="2020-01-20T01:50:09Z" name="setConfigReport" finished-at="2020-01-20T01:50:10Z" duration-ms="226" status="PASS">
          <reporter-output>
          </reporter-output>
        </test-method> <!-- setConfigReport -->
        <test-method is-config="true" signature="inicializa()[pri:0, instance:br.com.rsinet.hub_tdd.test.CadastraUsuarioTest@6ab778a]" started-at="2020-01-20T01:50:10Z" name="inicializa" finished-at="2020-01-20T01:50:25Z" duration-ms="15672" status="PASS">
          <reporter-output>
          </reporter-output>
        </test-method> <!-- inicializa -->
        <test-method signature="deveCadastrarUsuarioNovoTest()[pri:0, instance:br.com.rsinet.hub_tdd.test.CadastraUsuarioTest@6ab778a]" started-at="2020-01-20T01:50:25Z" name="deveCadastrarUsuarioNovoTest" finished-at="2020-01-20T01:50:30Z" duration-ms="5165" status="FAIL">
          <exception class="java.lang.AssertionError">
            <message>
              <![CDATA[expected [] but found [john1115]]]>
            </message>
            <full-stacktrace>
              <![CDATA[java.lang.AssertionError: expected [] but found [john1115]
at org.testng.Assert.fail(Assert.java:96)
at org.testng.Assert.failNotEquals(Assert.java:776)
at org.testng.Assert.assertEqualsImpl(Assert.java:137)
at org.testng.Assert.assertEquals(Assert.java:118)
at org.testng.Assert.assertEquals(Assert.java:453)
at org.testng.Assert.assertEquals(Assert.java:463)
at br.com.rsinet.hub_tdd.test.CadastraUsuarioTest.deveCadastrarUsuarioNovoTest(CadastraUsuarioTest.java:81)
at java.base/jdk.internal.reflect.NativeMethodAccessorImpl.invoke0(Native Method)
at java.base/jdk.internal.reflect.NativeMethodAccessorImpl.invoke(NativeMethodAccessorImpl.java:62)
at java.base/jdk.internal.reflect.DelegatingMethodAccessorImpl.invoke(DelegatingMethodAccessorImpl.java:43)
at java.base/java.lang.reflect.Method.invoke(Method.java:566)
at org.testng.internal.MethodInvocationHelper.invokeMethod(MethodInvocationHelper.java:124)
at org.testng.internal.Invoker.invokeMethod(Invoker.java:583)
at org.testng.internal.Invoker.invokeTestMethod(Invoker.java:719)
at org.testng.internal.Invoker.invokeTestMethods(Invoker.java:989)
at org.testng.internal.TestMethodWorker.invokeTestMethods(TestMethodWorker.java:125)
at org.testng.internal.TestMethodWorker.run(TestMethodWorker.java:109)
at org.testng.TestRunner.privateRun(TestRunner.java:648)
at org.testng.TestRunner.run(TestRunner.java:505)
at org.testng.SuiteRunner.runTest(SuiteRunner.java:455)
at org.testng.SuiteRunner.runSequentially(SuiteRunner.java:450)
at org.testng.SuiteRunner.privateRun(SuiteRunner.java:415)
at org.testng.SuiteRunner.run(SuiteRunner.java:364)
at org.testng.SuiteRunnerWorker.runSuite(SuiteRunnerWorker.java:52)
at org.testng.SuiteRunnerWorker.run(SuiteRunnerWorker.java:84)
at org.testng.TestNG.runSuitesSequentially(TestNG.java:1208)
at org.testng.TestNG.runSuitesLocally(TestNG.java:1137)
at org.testng.TestNG.runSuites(TestNG.java:1049)
at org.testng.TestNG.run(TestNG.java:1017)
at org.testng.remote.AbstractRemoteTestNG.run(AbstractRemoteTestNG.java:115)
at org.testng.remote.RemoteTestNG.initAndRun(RemoteTestNG.java:251)
at org.testng.remote.RemoteTestNG.main(RemoteTestNG.java:77)
]]>
            </full-stacktrace>
          </exception> <!-- java.lang.AssertionError -->
          <reporter-output>
          </reporter-output>
        </test-method> <!-- deveCadastrarUsuarioNovoTest -->
        <test-method is-config="true" signature="finaliza(org.testng.ITestResult)[pri:0, instance:br.com.rsinet.hub_tdd.test.CadastraUsuarioTest@6ab778a]" started-at="2020-01-20T01:50:30Z" name="finaliza" finished-at="2020-01-20T01:50:32Z" duration-ms="1612" status="PASS">
          <params>
            <param index="0">
              <value>
                <![CDATA[[TestResult name=deveCadastrarUsuarioNovoTest status=FAILURE method=CadastraUsuarioTest.deveCadastrarUsuarioNovoTest()[pri:0, instance:br.com.rsinet.hub_tdd.test.CadastraUsuarioTest@6ab778a] output={null}]]]>
              </value>
            </param>
          </params>
          <reporter-output>
          </reporter-output>
        </test-method> <!-- finaliza -->
        <test-method is-config="true" signature="inicializa()[pri:0, instance:br.com.rsinet.hub_tdd.test.CadastraUsuarioTest@6ab778a]" started-at="2020-01-20T01:50:32Z" name="inicializa" finished-at="2020-01-20T01:50:48Z" duration-ms="15734" status="PASS">
          <reporter-output>
          </reporter-output>
        </test-method> <!-- inicializa -->
        <test-method signature="deveValidarCamposObrigatorioDoCadastroTest()[pri:0, instance:br.com.rsinet.hub_tdd.test.CadastraUsuarioTest@6ab778a]" started-at="2020-01-20T01:50:48Z" name="deveValidarCamposObrigatorioDoCadastroTest" finished-at="2020-01-20T01:50:51Z" duration-ms="3202" status="PASS">
          <reporter-output>
          </reporter-output>
        </test-method> <!-- deveValidarCamposObrigatorioDoCadastroTest -->
        <test-method is-config="true" signature="finaliza(org.testng.ITestResult)[pri:0, instance:br.com.rsinet.hub_tdd.test.CadastraUsuarioTest@6ab778a]" started-at="2020-01-20T01:50:51Z" name="finaliza" finished-at="2020-01-20T01:50:52Z" duration-ms="1239" status="PASS">
          <params>
            <param index="0">
              <value>
                <![CDATA[[TestResult name=deveValidarCamposObrigatorioDoCadastroTest status=SUCCESS method=CadastraUsuarioTest.deveValidarCamposObrigatorioDoCadastroTest()[pri:0, instance:br.com.rsinet.hub_tdd.test.CadastraUsuarioTest@6ab778a] output={null}]]]>
              </value>
            </param>
          </params>
          <reporter-output>
          </reporter-output>
        </test-method> <!-- finaliza -->
      </class> <!-- br.com.rsinet.hub_tdd.test.CadastraUsuarioTest -->
    </test> <!-- Default test -->
  </suite> <!-- Default suite -->
</testng-results>
